<?xml version="1.0"?><coverage lines-covered="70" lines-valid="75" line-rate="0.9333333333333333" branches-covered="0" branches-valid="0" branch-rate="0" complexity="0" version="1.9" timestamp="1743669131"><sources><source>/Users/songzhewen/GitRepo/rust-leetcode</source></sources><packages><package name="src/array" line-rate="0.958904109589041" branch-rate="0" complexity="0"><classes><class name="problem_2367_number_of_arithmetic_triplet" filename="src/array/problem_2367_number_of_arithmetic_triplet.rs" line-rate="0.9090909090909091" branch-rate="0" complexity="0"><methods/><lines><line number="8" hits="2"/><line number="9" hits="2"/><line number="10" hits="2"/><line number="11" hits="0"/><line number="13" hits="2"/><line number="14" hits="12"/><line number="15" hits="42"/><line number="16" hits="70"/><line number="17" hits="54"/><line number="18" hits="4"/><line number="23" hits="2"/></lines></class><class name="problem_2874_maximum_value_of_an_orderd_triplet" filename="src/array/problem_2874_maximum_value_of_an_orderd_triplet.rs" line-rate="0.9545454545454546" branch-rate="0" complexity="0"><methods/><lines><line number="6" hits="3"/><line number="7" hits="3"/><line number="8" hits="3"/><line number="9" hits="16"/><line number="10" hits="36"/><line number="11" hits="44"/><line number="12" hits="21"/><line number="13" hits="27"/><line number="14" hits="6"/><line number="19" hits="3"/><line number="20" hits="0"/><line number="22" hits="3"/><line number="30" hits="3"/><line number="31" hits="3"/><line number="32" hits="23"/><line number="33" hits="10"/><line number="35" hits="3"/><line number="36" hits="3"/><line number="37" hits="10"/><line number="38" hits="7"/><line number="39" hits="7"/><line number="42" hits="3"/></lines></class><class name="problem_2908_minimum_sum_of_mountain_triplets" filename="src/array/problem_2908_minimum_sum_of_mountain_triplets.rs" line-rate="0.9333333333333333" branch-rate="0" complexity="0"><methods/><lines><line number="8" hits="3"/><line number="9" hits="3"/><line number="10" hits="3"/><line number="11" hits="0"/><line number="13" hits="3"/><line number="14" hits="17"/><line number="15" hits="57"/><line number="16" hits="90"/><line number="17" hits="66"/><line number="18" hits="11"/><line number="19" hits="27"/><line number="20" hits="5"/><line number="26" hits="3"/><line number="27" hits="1"/><line number="29" hits="2"/></lines></class><class name="problem_2909_minimum_sum_of_mountain_triplets" filename="src/array/problem_2909_minimum_sum_of_mountain_triplets.rs" line-rate="1" branch-rate="0" complexity="0"><methods/><lines><line number="7" hits="3"/><line number="9" hits="3"/><line number="10" hits="3"/><line number="12" hits="20"/><line number="13" hits="57"/><line number="14" hits="90"/><line number="15" hits="66"/><line number="16" hits="11"/><line number="17" hits="11"/><line number="18" hits="5"/><line number="24" hits="3"/><line number="25" hits="1"/><line number="27" hits="2"/></lines></class><class name="problem_3873_maximum_value_of_ordered_triplet" filename="src/array/problem_3873_maximum_value_of_ordered_triplet.rs" line-rate="1" branch-rate="0" complexity="0"><methods/><lines><line number="6" hits="4"/><line number="7" hits="4"/><line number="8" hits="4"/><line number="9" hits="20"/><line number="10" hits="42"/><line number="11" hits="48"/><line number="12" hits="22"/><line number="13" hits="32"/><line number="14" hits="10"/><line number="19" hits="4"/><line number="20" hits="1"/><line number="22" hits="3"/></lines></class></classes></package><package name="src" line-rate="0.9333333333333333" branch-rate="0" complexity="0"><classes><class name="main" filename="src/main.rs" line-rate="0" branch-rate="0" complexity="0"><methods/><lines><line number="3" hits="0"/><line number="4" hits="0"/></lines></class></classes></package></packages></coverage>